<?xml version="1.0" encoding="UTF-8"?>
<robot generator="Robot 7.2.2 (Python 3.12.3 on darwin)" generated="2025-03-18T01:40:41.610533" rpa="false" schemaversion="5">
<suite id="s1" name="Test" source="/Users/bekaron/Desktop/Task/Software Test Automation Homework/PythonProject/robotTests/testCases/test.robot">
<test id="s1-t1" name="Sign Up" line="5">
<kw name="Open Browser To DemoBlaze" owner="resources">
<kw name="Open Browser" owner="SeleniumLibrary">
<msg time="2025-03-18T01:40:41.696732" level="INFO">Opening browser 'chrome' to base url 'https://www.demoblaze.com/'.</msg>
<arg>${TestData.URL}</arg>
<arg>chrome</arg>
<doc>Opens a new browser instance to the optional ``url``.</doc>
<status status="PASS" start="2025-03-18T01:40:41.696483" elapsed="2.318491"/>
</kw>
<kw name="Sleep" owner="BuiltIn">
<msg time="2025-03-18T01:40:46.017746" level="INFO">Slept 2 seconds.</msg>
<arg>2s</arg>
<doc>Pauses the test executed for the given time.</doc>
<status status="PASS" start="2025-03-18T01:40:44.015535" elapsed="2.003180"/>
</kw>
<status status="PASS" start="2025-03-18T01:40:41.696136" elapsed="4.323338"/>
</kw>
<kw name="Click Element" owner="SeleniumLibrary">
<msg time="2025-03-18T01:40:46.023830" level="INFO">Clicking element 'xpath=//a[@id='signin2']'.</msg>
<arg>${Locators.SIGNUP_BUTTON}</arg>
<doc>Click the element identified by ``locator``.</doc>
<status status="PASS" start="2025-03-18T01:40:46.021028" elapsed="0.071949"/>
</kw>
<kw name="Sleep" owner="BuiltIn">
<msg time="2025-03-18T01:40:47.093720" level="INFO">Slept 1 second.</msg>
<arg>1s</arg>
<doc>Pauses the test executed for the given time.</doc>
<status status="PASS" start="2025-03-18T01:40:46.093152" elapsed="1.001079"/>
</kw>
<kw name="Input Text" owner="SeleniumLibrary">
<msg time="2025-03-18T01:40:47.096908" level="INFO">Typing text 'ASDDFFFFKJKSD' into text field 'xpath=//input[@id='sign-username']'.</msg>
<arg>${Locators.SIGNUP_USERNAME}</arg>
<arg>${TestData.USERNAME}</arg>
<doc>Types the given ``text`` into the text field identified by ``locator``.</doc>
<status status="PASS" start="2025-03-18T01:40:47.095055" elapsed="0.140235"/>
</kw>
<kw name="Input Text" owner="SeleniumLibrary">
<msg time="2025-03-18T01:40:47.235861" level="INFO">Typing text 'ASDDFFFFKJKSD' into text field 'xpath=//input[@id='sign-password']'.</msg>
<arg>${Locators.SIGNUP_PASSWORD}</arg>
<arg>${TestData.PASSWORD}</arg>
<doc>Types the given ``text`` into the text field identified by ``locator``.</doc>
<status status="PASS" start="2025-03-18T01:40:47.235446" elapsed="0.049381"/>
</kw>
<kw name="Sleep" owner="BuiltIn">
<msg time="2025-03-18T01:40:48.287084" level="INFO">Slept 1 second.</msg>
<arg>1s</arg>
<doc>Pauses the test executed for the given time.</doc>
<status status="PASS" start="2025-03-18T01:40:47.284987" elapsed="1.002553"/>
</kw>
<kw name="Click Button" owner="SeleniumLibrary">
<msg time="2025-03-18T01:40:48.289906" level="INFO">Clicking button 'xpath=//button[text()='Sign up']'.</msg>
<arg>${Locators.SIGNUP_CONFIRM_BUTTON}</arg>
<doc>Clicks the button identified by ``locator``.</doc>
<status status="PASS" start="2025-03-18T01:40:48.288317" elapsed="0.059832"/>
</kw>
<kw name="Sleep" owner="BuiltIn">
<msg time="2025-03-18T01:40:51.349506" level="INFO">Slept 3 seconds.</msg>
<arg>3s</arg>
<doc>Pauses the test executed for the given time.</doc>
<status status="PASS" start="2025-03-18T01:40:48.348308" elapsed="3.001696"/>
</kw>
<kw name="Close Browser" owner="SeleniumLibrary">
<doc>Closes the current browser.</doc>
<status status="PASS" start="2025-03-18T01:40:51.350779" elapsed="0.088820"/>
</kw>
<doc>Test register user</doc>
<status status="PASS" start="2025-03-18T01:40:41.695844" elapsed="9.743942"/>
</test>
<test id="s1-t2" name="Log in" line="17">
<kw name="Open Browser To DemoBlaze" owner="resources">
<kw name="Open Browser" owner="SeleniumLibrary">
<msg time="2025-03-18T01:40:51.440803" level="INFO">Opening browser 'chrome' to base url 'https://www.demoblaze.com/'.</msg>
<arg>${TestData.URL}</arg>
<arg>chrome</arg>
<doc>Opens a new browser instance to the optional ``url``.</doc>
<status status="PASS" start="2025-03-18T01:40:51.440478" elapsed="1.745035"/>
</kw>
<kw name="Sleep" owner="BuiltIn">
<msg time="2025-03-18T01:40:55.188214" level="INFO">Slept 2 seconds.</msg>
<arg>2s</arg>
<doc>Pauses the test executed for the given time.</doc>
<status status="PASS" start="2025-03-18T01:40:53.185919" elapsed="2.002887"/>
</kw>
<status status="PASS" start="2025-03-18T01:40:51.440258" elapsed="3.749104"/>
</kw>
<kw name="Click Element" owner="SeleniumLibrary">
<msg time="2025-03-18T01:40:55.191872" level="INFO">Clicking element 'xpath=//a[@id='login2']'.</msg>
<arg>${Locators.LOGIN_BUTTON}</arg>
<doc>Click the element identified by ``locator``.</doc>
<status status="PASS" start="2025-03-18T01:40:55.190225" elapsed="0.057533"/>
</kw>
<kw name="Sleep" owner="BuiltIn">
<msg time="2025-03-18T01:40:56.248266" level="INFO">Slept 1 second.</msg>
<arg>1s</arg>
<doc>Pauses the test executed for the given time.</doc>
<status status="PASS" start="2025-03-18T01:40:55.247910" elapsed="1.000847"/>
</kw>
<kw name="Input Text" owner="SeleniumLibrary">
<msg time="2025-03-18T01:40:56.251816" level="INFO">Typing text 'ASDDFFFFKJKSD' into text field 'xpath=//input[@id='loginusername']'.</msg>
<arg>${Locators.LOGIN_USERNAME}</arg>
<arg>${TestData.USERNAME}</arg>
<doc>Types the given ``text`` into the text field identified by ``locator``.</doc>
<status status="PASS" start="2025-03-18T01:40:56.249596" elapsed="0.125615"/>
</kw>
<kw name="Input Text" owner="SeleniumLibrary">
<msg time="2025-03-18T01:40:56.375915" level="INFO">Typing text 'ASDDFFFFKJKSD' into text field 'xpath=//input[@id='loginpassword']'.</msg>
<arg>${Locators.LOGIN_PASSWORD}</arg>
<arg>${TestData.PASSWORD}</arg>
<doc>Types the given ``text`` into the text field identified by ``locator``.</doc>
<status status="PASS" start="2025-03-18T01:40:56.375391" elapsed="0.035474"/>
</kw>
<kw name="Sleep" owner="BuiltIn">
<msg time="2025-03-18T01:40:57.412430" level="INFO">Slept 1 second.</msg>
<arg>1s</arg>
<doc>Pauses the test executed for the given time.</doc>
<status status="PASS" start="2025-03-18T01:40:56.410997" elapsed="1.001749"/>
</kw>
<kw name="Click Button" owner="SeleniumLibrary">
<msg time="2025-03-18T01:40:57.414537" level="INFO">Clicking button 'xpath=//button[text()='Log in']'.</msg>
<arg>${Locators.LOGIN_CONFIRM_BUTTON}</arg>
<doc>Clicks the button identified by ``locator``.</doc>
<status status="PASS" start="2025-03-18T01:40:57.413265" elapsed="0.055341"/>
</kw>
<kw name="Sleep" owner="BuiltIn">
<msg time="2025-03-18T01:41:00.471395" level="INFO">Slept 3 seconds.</msg>
<arg>3s</arg>
<doc>Pauses the test executed for the given time.</doc>
<status status="PASS" start="2025-03-18T01:40:57.468749" elapsed="3.003169"/>
</kw>
<kw name="Close Browser" owner="SeleniumLibrary">
<doc>Closes the current browser.</doc>
<status status="PASS" start="2025-03-18T01:41:00.472821" elapsed="0.084096"/>
</kw>
<doc>Test user login</doc>
<status status="PASS" start="2025-03-18T01:40:51.439962" elapsed="9.117186"/>
</test>
<test id="s1-t3" name="Log out" line="29">
<kw name="Open Browser To DemoBlaze" owner="resources">
<kw name="Open Browser" owner="SeleniumLibrary">
<msg time="2025-03-18T01:41:00.558231" level="INFO">Opening browser 'chrome' to base url 'https://www.demoblaze.com/'.</msg>
<arg>${TestData.URL}</arg>
<arg>chrome</arg>
<doc>Opens a new browser instance to the optional ``url``.</doc>
<status status="PASS" start="2025-03-18T01:41:00.557892" elapsed="0.999848"/>
</kw>
<kw name="Sleep" owner="BuiltIn">
<msg time="2025-03-18T01:41:03.564488" level="INFO">Slept 2 seconds.</msg>
<arg>2s</arg>
<doc>Pauses the test executed for the given time.</doc>
<status status="PASS" start="2025-03-18T01:41:01.559079" elapsed="2.006226"/>
</kw>
<status status="PASS" start="2025-03-18T01:41:00.557701" elapsed="3.009440"/>
</kw>
<kw name="Click Element" owner="SeleniumLibrary">
<msg time="2025-03-18T01:41:03.570044" level="INFO">Clicking element 'xpath=//a[@id='login2']'.</msg>
<arg>${Locators.LOGIN_BUTTON}</arg>
<doc>Click the element identified by ``locator``.</doc>
<status status="PASS" start="2025-03-18T01:41:03.568211" elapsed="0.060252"/>
</kw>
<kw name="Sleep" owner="BuiltIn">
<msg time="2025-03-18T01:41:04.629634" level="INFO">Slept 1 second.</msg>
<arg>1s</arg>
<doc>Pauses the test executed for the given time.</doc>
<status status="PASS" start="2025-03-18T01:41:03.628683" elapsed="1.001421"/>
</kw>
<kw name="Input Text" owner="SeleniumLibrary">
<msg time="2025-03-18T01:41:04.632800" level="INFO">Typing text 'ASDDFFFFKJKSD' into text field 'xpath=//input[@id='loginusername']'.</msg>
<arg>${Locators.LOGIN_USERNAME}</arg>
<arg>${TestData.USERNAME}</arg>
<doc>Types the given ``text`` into the text field identified by ``locator``.</doc>
<status status="PASS" start="2025-03-18T01:41:04.630916" elapsed="0.128392"/>
</kw>
<kw name="Input Text" owner="SeleniumLibrary">
<msg time="2025-03-18T01:41:04.759939" level="INFO">Typing text 'ASDDFFFFKJKSD' into text field 'xpath=//input[@id='loginpassword']'.</msg>
<arg>${Locators.LOGIN_PASSWORD}</arg>
<arg>${TestData.PASSWORD}</arg>
<doc>Types the given ``text`` into the text field identified by ``locator``.</doc>
<status status="PASS" start="2025-03-18T01:41:04.759480" elapsed="0.035578"/>
</kw>
<kw name="Sleep" owner="BuiltIn">
<msg time="2025-03-18T01:41:05.797596" level="INFO">Slept 1 second.</msg>
<arg>1s</arg>
<doc>Pauses the test executed for the given time.</doc>
<status status="PASS" start="2025-03-18T01:41:04.795201" elapsed="1.002812"/>
</kw>
<kw name="Click Button" owner="SeleniumLibrary">
<msg time="2025-03-18T01:41:05.800099" level="INFO">Clicking button 'xpath=//button[text()='Log in']'.</msg>
<arg>${Locators.LOGIN_CONFIRM_BUTTON}</arg>
<doc>Clicks the button identified by ``locator``.</doc>
<status status="PASS" start="2025-03-18T01:41:05.798708" elapsed="0.058524"/>
</kw>
<kw name="Sleep" owner="BuiltIn">
<msg time="2025-03-18T01:41:08.857832" level="INFO">Slept 3 seconds.</msg>
<arg>3s</arg>
<doc>Pauses the test executed for the given time.</doc>
<status status="PASS" start="2025-03-18T01:41:05.857385" elapsed="3.000927"/>
</kw>
<kw name="Click Element" owner="SeleniumLibrary">
<msg time="2025-03-18T01:41:08.860655" level="INFO">Clicking element 'xpath=//a[@id='logout2']'.</msg>
<arg>${Locators.LOGOUT_BUTTON}</arg>
<doc>Click the element identified by ``locator``.</doc>
<status status="PASS" start="2025-03-18T01:41:08.859200" elapsed="0.328580"/>
</kw>
<kw name="Sleep" owner="BuiltIn">
<msg time="2025-03-18T01:41:12.188672" level="INFO">Slept 3 seconds.</msg>
<arg>3s</arg>
<doc>Pauses the test executed for the given time.</doc>
<status status="PASS" start="2025-03-18T01:41:09.187973" elapsed="3.000787"/>
</kw>
<kw name="Close Browser" owner="SeleniumLibrary">
<doc>Closes the current browser.</doc>
<status status="PASS" start="2025-03-18T01:41:12.188997" elapsed="0.083094"/>
</kw>
<doc>Test user logout</doc>
<status status="PASS" start="2025-03-18T01:41:00.557372" elapsed="11.714867"/>
</test>
<status status="PASS" start="2025-03-18T01:40:41.611090" elapsed="30.661606"/>
</suite>
<statistics>
<total>
<stat pass="3" fail="0" skip="0">All Tests</stat>
</total>
<tag>
</tag>
<suite>
<stat name="Test" id="s1" pass="3" fail="0" skip="0">Test</stat>
</suite>
</statistics>
<errors>
</errors>
</robot>
